<?xml version="1.0" encoding="UTF-8"?>
<!-- Generated by org.testng.reporters.JUnitReportReporter -->
<testsuite hostname="DESKTOP-QUUAJU4" name="testCases.TestScript3" tests="1" failures="0" timestamp="12 Oct 2016 04:32:20 GMT" time="17.931" errors="0">
  <testcase name="verifyQTYError" time="17.931" classname="testCases.TestScript3"/>
</testsuite> <!-- testCases.TestScript3 -->
