<?xml version="1.0" encoding="UTF-8"?>
<!-- Generated by org.testng.reporters.JUnitReportReporter -->
<testsuite hostname="DESKTOP-QUUAJU4" name="testCases.TestScript2" tests="1" failures="0" timestamp="11 Oct 2016 16:48:27 GMT" time="13.834" errors="0">
  <testcase name="verifyPrice" time="13.834" classname="testCases.TestScript2"/>
</testsuite> <!-- testCases.TestScript2 -->
