<?xml version="1.0" encoding="UTF-8"?>
<!-- Generated by org.testng.reporters.JUnitReportReporter -->
<testsuite hostname="DESKTOP-QUUAJU4" name="testCases.TestScript1" tests="4" failures="0" timestamp="10 Oct 2016 13:32:58 GMT" time="87.948" errors="0">
  <testcase name="verifyNameSelection" time="21.066" classname="testCases.TestScript1"/>
  <testcase name="verifyMobileText" time="22.903" classname="testCases.TestScript1"/>
  <testcase name="verifyMobilePageTitle" time="29.990" classname="testCases.TestScript1"/>
  <testcase name="verifyDemoText" time="13.989" classname="testCases.TestScript1"/>
</testsuite> <!-- testCases.TestScript1 -->
