<?xml version="1.0" encoding="UTF-8"?>
<!-- Generated by org.testng.reporters.JUnitReportReporter -->
<testsuite hostname="DESKTOP-QUUAJU4" name="testCases.TestScript4" tests="1" failures="0" timestamp="13 Oct 2016 05:02:02 GMT" time="16.818" errors="0">
  <testcase name="compareWindow" time="16.818" classname="testCases.TestScript4"/>
</testsuite> <!-- testCases.TestScript4 -->
