<?xml version="1.0" encoding="UTF-8"?>
<!-- Generated by org.testng.reporters.JUnitReportReporter -->
<testsuite hostname="DESKTOP-QUUAJU4" name="testCases.TestScript5" tests="1" failures="0" timestamp="14 Oct 2016 15:01:57 GMT" time="30.483" errors="0">
  <testcase name="AccountCreation" time="30.483" classname="testCases.TestScript5"/>
</testsuite> <!-- testCases.TestScript5 -->
