<?xml version="1.0" encoding="UTF-8"?>
<!-- Generated by org.testng.reporters.JUnitReportReporter -->
<testsuite hostname="DESKTOP-QUUAJU4" name="testCases.TestScript6" tests="1" failures="0" timestamp="15 Oct 2016 11:23:08 GMT" time="55.118" errors="0">
  <testcase name="purchase" time="55.118" classname="testCases.TestScript6"/>
</testsuite> <!-- testCases.TestScript6 -->
